

debug: Returned person {"id":1,"first_name":"Fiorenze","last_name":"Dyneley","vaccine":"Pfizer"}
debug: Created person {"first_name":"Jack","last_name":"London","vaccine":"Pfizer"}
debug: Updated person {"id":1,"first_name":"Fiorenze","last_name":"Dyneley","vaccine":"Moderna"}
info: Connected to database
info: Connected to database
info: Connected to database
info: Connected to database
info: Connected to database
info: Connected to database
info: Connected to database
info: Connected to database
debug: Returned 1000 people
info: GET /person 200 183528 - 333.493 ms

info: Connected to database
info: Connected to database
info: Connected to database
info: Connected to database
info: Connected to database
info: Connected to database
info: Connected to database
info: Connected to database
info: Connected to database
info: Connected to database
info: Connected to database
info: Connected to database
info: Connected to database
info: Connected to database
debug: Returned 2 people
info: GET /person 200 360 - 56.431 ms

debug: Returned person {"id":1,"first_name":"Fiorenze","last_name":"Dyneley","vaccine":"Pfizer"}
debug: Created person {"first_name":"Jack","last_name":"London","vaccine":"Pfizer"}
debug: Updated person {"id":1,"first_name":"Fiorenze","last_name":"Dyneley","vaccine":"Moderna"}
info: Connected to database
debug: Returned 2 people
info: GET /person 200 360 - 34.997 ms

info: Connected to database
debug: Returned 2 people
info: GET /person 200 360 - 37.136 ms

info: Connected to database
debug: Returned 2 people
info: GET /person 200 360 - 45.560 ms

error: Page not found
info: PUT /person/5e7f7c8e8f9d7e0f8b3e7d5c 404 41 - 41.298 ms

info: Connected to database
info: Connected to database
debug: Returned 2 people
info: GET /person 200 360 - 34.758 ms

error: Page not found
info: PUT /person/6293ff2c5404e7923dc1e514 404 41 - 38.319 ms

info: Connected to database
debug: Returned 2 people
info: GET /person 200 360 - 35.530 ms

error: Page not found
info: PUT /person/6293ff2c5404e7923dc1e514 404 41 - 27.249 ms

info: Connected to database
debug: Returned 2 people
info: GET /person 200 360 - 58.245 ms

error: Page not found
info: PUT /person/62958ec702af0bb6f2291465 404 41 - 19.414 ms

info: Connected to database
debug: Returned 2 people
info: GET /person 200 360 - 34.624 ms

info: Connected to database
debug: Returned 2 people
info: GET /person 200 360 - 37.938 ms

info: Connected to database
debug: Returned 2 people
info: GET /person 200 360 - 38.995 ms

info: Connected to database
debug: Returned 2 people
info: GET /person 200 360 - 55.354 ms

info: Connected to database
debug: Returned 2 people
info: GET /person 200 360 - 41.872 ms

info: Connected to database
debug: Returned 2 people
info: GET /person 200 360 - 52.544 ms

error: Page not found
info: PUT /person/629591465c5debd22ff6ebcf 404 41 - 32.663 ms

info: Connected to database
debug: Returned 2 people
info: GET /person 200 360 - 38.503 ms

info: Connected to database
debug: Returned 2 people
info: GET /person 200 360 - 34.194 ms

debug: Updated person {"_id":"629594479e60fc7d845207c3","first_name":"John","last_name":"Test","vaccine":"Pfizer","__v":0,"createdAt":"2022-05-31T04:06:31.891Z","updatedAt":"2022-05-31T04:06:31.891Z"}
info: PUT /person/629594479e60fc7d845207c3/Johnson 200 178 - 59.897 ms

info: Connected to database
debug: Returned 2 people
info: GET /person 200 360 - 40.819 ms

debug: Updated person {"_id":"629594d751982e6f6beade0a","first_name":"John","last_name":"Test","vaccine":"Pfizer","__v":0,"createdAt":"2022-05-31T04:08:55.785Z","updatedAt":"2022-05-31T04:08:55.785Z"}
info: PUT /person/629594d751982e6f6beade0a/Johnson 200 178 - 47.179 ms

info: Connected to database
debug: Returned 2 people
info: GET /person 200 360 - 49.246 ms

debug: Updated person {"_id":"629595c92579c2fe2f243d6f","first_name":"John","last_name":"Test","vaccine":"Pfizer","__v":0,"createdAt":"2022-05-31T04:12:57.688Z","updatedAt":"2022-05-31T04:12:57.688Z"}
info: PUT /person/629595c92579c2fe2f243d6f/Johnson 200 178 - 68.836 ms

info: Connected to database
debug: Returned 0 people
info: GET /person 200 2 - 50.076 ms

debug: Returned 0 people
info: GET /person 200 2 - 29.792 ms

info: GET / 304 - - 227.489 ms

info: GET /stylesheets/style.css 304 - - 2.321 ms

debug: Returned 0 people
info: GET /person 304 - - 31.171 ms

info: Connected to database
info: Connected to database
info: Connected to database
debug: Returned 2 people
info: GET /person 200 360 - 56.226 ms

debug: Updated person {"_id":"629598ad3ad65e95887cfdfe","first_name":"John","last_name":"Test","vaccine":"Pfizer","__v":0,"createdAt":"2022-05-31T04:25:17.624Z","updatedAt":"2022-05-31T04:25:17.624Z"}
info: PUT /person/629598ad3ad65e95887cfdfe/Johnson 200 178 - 57.382 ms

info: Connected to database
info: Connected to database
info: Connected to database
debug: Returned 6 people
info: GET /person 200 1079 - 62.198 ms

debug: Updated person {"_id":"62959994b7f9cf162a886eaa","first_name":"John","last_name":"Test","vaccine":"Pfizer","__v":0,"createdAt":"2022-05-31T04:29:08.019Z","updatedAt":"2022-05-31T04:29:08.019Z"}
info: PUT /person/62959994b7f9cf162a886eaa/Johnson 200 178 - 87.971 ms

info: Connected to database
info: Connected to database
info: Connected to database
info: Connected to database
info: Connected to database
info: Connected to database
info: Connected to database
info: Connected to database
info: Connected to database
info: Connected to database
info: Connected to database
debug: Returned 8 people
info: GET /person 200 1438 - 38.901 ms

debug: Updated person {"_id":"62959c32989d7503313f7fd3","first_name":"John","last_name":"Test","vaccine":"Pfizer","__v":0,"createdAt":"2022-05-31T04:40:18.482Z","updatedAt":"2022-05-31T04:40:18.482Z"}
info: PUT /person/62959c32989d7503313f7fd3/Johnson 200 178 - 98.105 ms

info: Connected to database
info: Connected to database
debug: Returned 10 people
info: GET /person 200 1797 - 65.052 ms

debug: Updated person {"_id":"62959c9632ffd1a94e2bb4f6","first_name":"John","last_name":"Test","vaccine":"Pfizer","__v":0,"createdAt":"2022-05-31T04:41:58.307Z","updatedAt":"2022-05-31T04:41:58.307Z"}
info: PUT /person/62959c9632ffd1a94e2bb4f6/Johnson 200 178 - 68.000 ms

info: Connected to database
info: Connected to database
info: Connected to database
debug: Returned 2 people
info: GET /person 200 360 - 51.144 ms

debug: Updated person {"_id":"62959d123e97f66465b9073e","first_name":"John","last_name":"Test","vaccine":"Pfizer","__v":0,"createdAt":"2022-05-31T04:44:02.410Z","updatedAt":"2022-05-31T04:44:02.410Z"}
info: PUT /person/62959d123e97f66465b9073e/Johnson 200 178 - 72.826 ms

info: Connected to database
info: Connected to database
info: Connected to database
info: Connected to database
info: Connected to database
debug: Returned 6 people
info: GET /person 200 1079 - 33.876 ms

debug: Updated person {"_id":"62959dbcfcad8357eb425ec3","first_name":"John","last_name":"Test","vaccine":"Pfizer","__v":0,"createdAt":"2022-05-31T04:46:52.963Z","updatedAt":"2022-05-31T04:46:52.963Z"}
info: PUT /person/62959dbcfcad8357eb425ec3/Johnson 200 178 - 130.764 ms

info: Connected to database
info: Connected to database
info: Connected to database
debug: Returned 2 people
info: GET /person 200 360 - 37.616 ms

debug: Updated person {"_id":"62959e2a354eaf4ed16518a4","first_name":"John","last_name":"Test","vaccine":"Pfizer","__v":0,"createdAt":"2022-05-31T04:48:42.918Z","updatedAt":"2022-05-31T04:48:42.918Z"}
info: PUT /person/62959e2a354eaf4ed16518a4/Johnson 200 178 - 132.322 ms

info: Connected to database
info: Connected to database
info: Connected to database
debug: Returned 4 people
info: GET /person 200 719 - 59.561 ms

debug: Updated person {"_id":"62959e8c7af818791cde025a","first_name":"John","last_name":"Test","vaccine":"Pfizer","__v":0,"createdAt":"2022-05-31T04:50:20.283Z","updatedAt":"2022-05-31T04:50:20.283Z"}
info: PUT /person/62959e8c7af818791cde025a/Johnson 200 178 - 110.693 ms

info: Connected to database
info: Connected to database
info: Connected to database
info: Connected to database
info: Connected to database
debug: Returned 2 people
info: GET /person 200 360 - 54.221 ms

debug: Updated person {"_id":"62959f6159b59804c854668d","first_name":"John","last_name":"Test","vaccine":"Pfizer","__v":0,"createdAt":"2022-05-31T04:53:53.146Z","updatedAt":"2022-05-31T04:53:53.146Z"}
info: PUT /person/62959f6159b59804c854668d/Johnson 200 178 - 90.560 ms

info: Connected to database
info: Connected to database
info: Connected to database
debug: Returned 1004 people
info: GET /person 200 184246 - 261.429 ms

debug: Updated person {"_id":"6295a027a1f5b4c24be93597","first_name":"John","last_name":"Test","vaccine":"Pfizer","__v":0,"createdAt":"2022-05-31T04:57:11.694Z","updatedAt":"2022-05-31T04:57:11.694Z"}
info: PUT /person/6295a027a1f5b4c24be93597/Johnson 200 178 - 90.646 ms

info: Connected to database
debug: Returned 2 people
info: GET /person 200 360 - 37.297 ms

debug: Updated person {"_id":"6295a1560b90c4f4c5a57fa3","first_name":"John","last_name":"Test","vaccine":"Pfizer","__v":0,"createdAt":"2022-05-31T05:02:14.891Z","updatedAt":"2022-05-31T05:02:14.891Z"}
info: PUT /person/6295a1560b90c4f4c5a57fa3/Johnson 200 178 - 140.008 ms

info: Connected to database
info: Connected to database
info: Connected to database
debug: Returned 1002 people
info: GET /person 200 183887 - 259.670 ms

debug: Updated person {"_id":"6295a1aadccc71dcb0892693","first_name":"John","last_name":"Test","vaccine":"Pfizer","__v":0,"createdAt":"2022-05-31T05:03:38.317Z","updatedAt":"2022-05-31T05:03:38.317Z"}
info: PUT /person/6295a1aadccc71dcb0892693/Johnson 200 178 - 138.836 ms

info: Connected to database
debug: Returned 2 people
info: GET /person 200 360 - 60.031 ms

debug: Updated person {"_id":"6295a212c88c27346e6be0ce","first_name":"John","last_name":"Test","vaccine":"Pfizer","__v":0,"createdAt":"2022-05-31T05:05:22.085Z","updatedAt":"2022-05-31T05:05:22.085Z"}
info: PUT /person/6295a212c88c27346e6be0ce/Johnson 200 178 - 65.593 ms

info: Connected to database
debug: Returned 6 people
info: GET /person 200 1079 - 49.084 ms

debug: Updated person {"_id":"6295a5a68891a9f2115105bc","first_name":"John","last_name":"Test","vaccine":"Pfizer","__v":0,"createdAt":"2022-05-31T05:20:38.960Z","updatedAt":"2022-05-31T05:20:38.960Z"}
info: PUT /person/6295a5a68891a9f2115105bc/Johnson 200 178 - 111.372 ms

info: Connected to database
debug: Returned 2 people
info: GET /person 200 360 - 57.444 ms

debug: Updated person {"_id":"6295a61c40160fa568b92b13","first_name":"John","last_name":"Test","vaccine":"Pfizer","__v":0,"createdAt":"2022-05-31T05:22:36.673Z","updatedAt":"2022-05-31T05:22:36.673Z"}
info: PUT /person/6295a61c40160fa568b92b13/Johnson 200 178 - 92.017 ms

info: Connected to database
debug: Returned 4 people
info: GET /person 200 719 - 34.889 ms

debug: Updated person {"_id":"6295a69bae6171e0782f3ffc","first_name":"John","last_name":"Test","vaccine":"Pfizer","__v":0,"createdAt":"2022-05-31T05:24:43.151Z","updatedAt":"2022-05-31T05:24:43.151Z"}
info: PUT /person/6295a69bae6171e0782f3ffc/Johnson 200 178 - 107.800 ms

info: Connected to database
debug: Returned 6 people
info: GET /person 200 1078 - 35.840 ms

debug: Updated person {"_id":"6295a6aa0bce7702473be8dd","first_name":"John","last_name":"Test","vaccine":"Pfizer","__v":0,"createdAt":"2022-05-31T05:24:58.560Z","updatedAt":"2022-05-31T05:24:58.560Z"}
info: PUT /person/6295a6aa0bce7702473be8dd/Johnson 200 178 - 140.927 ms

info: Connected to database
debug: Returned 8 people
info: GET /person 200 1437 - 37.441 ms

debug: Updated person {"_id":"6295a7119936e5d7e81eb834","first_name":"John","last_name":"Test","vaccine":"Pfizer","__v":0,"createdAt":"2022-05-31T05:26:41.815Z","updatedAt":"2022-05-31T05:26:41.815Z"}
info: PUT /person/6295a7119936e5d7e81eb834/Johnson 200 178 - 166.868 ms

info: Connected to database
debug: Returned 2 people
info: GET /person 200 360 - 38.311 ms

debug: Updated person {"_id":"6295a7a4200ea628cc958717","first_name":"John","last_name":"Test","vaccine":"Pfizer","__v":0,"createdAt":"2022-05-31T05:29:08.815Z","updatedAt":"2022-05-31T05:29:08.815Z"}
info: PUT /person/6295a7a4200ea628cc958717/Johnson 200 178 - 126.663 ms

debug: Returned person {"id":1,"first_name":"Fiorenze","last_name":"Dyneley","vaccine":"Pfizer"}
debug: Created person {"first_name":"Jack","last_name":"London","vaccine":"Pfizer"}
debug: Updated person {"id":1,"first_name":"Fiorenze","last_name":"Dyneley","vaccine":"Moderna"}
info: Connected to database
debug: Returned 2 people
info: GET /person 200 360 - 41.046 ms

debug: Updated person {"_id":"6295a811d1a0088dc0e48988","first_name":"John","last_name":"Test","vaccine":"Pfizer","__v":0,"createdAt":"2022-05-31T05:30:57.239Z","updatedAt":"2022-05-31T05:30:57.239Z"}
info: PUT /person/6295a811d1a0088dc0e48988/Johnson 200 178 - 66.739 ms

info: Connected to database
debug: Returned 2 people
info: GET /person 200 360 - 49.552 ms

debug: Updated person {"_id":"6295a8c2a37bb07f02234b6d","first_name":"John","last_name":"Test","vaccine":"Pfizer","__v":0,"createdAt":"2022-05-31T05:33:54.891Z","updatedAt":"2022-05-31T05:33:54.891Z"}
info: PUT /person/6295a8c2a37bb07f02234b6d/Johnson 200 178 - 147.147 ms

debug: Returned person {"id":1,"first_name":"Fiorenze","last_name":"Dyneley","vaccine":"Pfizer"}
debug: Created person {"first_name":"Jack","last_name":"London","vaccine":"Pfizer"}
debug: Updated person {"id":1,"first_name":"Fiorenze","last_name":"Dyneley","vaccine":"Moderna"}
info: Connected to database
debug: Returned 4 people
info: GET /person 200 719 - 37.548 ms

debug: Updated person {"_id":"6295a97533d5137cd348c4bf","first_name":"John","last_name":"Test","vaccine":"Pfizer","__v":0,"createdAt":"2022-05-31T05:36:53.933Z","updatedAt":"2022-05-31T05:36:53.933Z"}
info: PUT /person/6295a97533d5137cd348c4bf/Johnson 200 178 - 58.225 ms

info: Connected to database
info: Connected to database
info: Connected to database
debug: Returned 2 people
info: GET /person 200 360 - 39.983 ms

debug: Updated person {"_id":"6295aa094cea51864295f632","first_name":"John","last_name":"Test","vaccine":"Pfizer","__v":0,"createdAt":"2022-05-31T05:39:21.756Z","updatedAt":"2022-05-31T05:39:21.756Z"}
info: PUT /person/6295aa094cea51864295f632/Johnson 200 178 - 112.177 ms

info: Connected to database
info: Connected to database
info: Connected to database
debug: Returned 2 people
info: GET /person 200 360 - 35.560 ms

debug: Updated person {"_id":"6295aa79cccede7206dac0d0","first_name":"John","last_name":"Test","vaccine":"Pfizer","__v":0,"createdAt":"2022-05-31T05:41:13.812Z","updatedAt":"2022-05-31T05:41:13.812Z"}
info: PUT /person/6295aa79cccede7206dac0d0/Johnson 200 178 - 115.408 ms

info: Connected to database
debug: Returned 2 people
info: GET /person 200 360 - 56.632 ms

debug: Updated person {"_id":"6295aa9c62eda2d780a8aa0e","first_name":"John","last_name":"Test","vaccine":"Pfizer","__v":0,"createdAt":"2022-05-31T05:41:48.337Z","updatedAt":"2022-05-31T05:41:48.337Z"}
info: PUT /person/6295aa9c62eda2d780a8aa0e/Johnson 200 178 - 88.224 ms

info: Connected to database
info: Connected to database
info: Connected to database
info: Connected to database
info: Connected to database
info: Connected to database
debug: Returned 2 people
info: GET /person 200 360 - 33.863 ms

debug: Updated person {"_id":"6295aae84b4ab26a043e74e5","first_name":"John","last_name":"Test","vaccine":"Pfizer","__v":0,"createdAt":"2022-05-31T05:43:04.325Z","updatedAt":"2022-05-31T05:43:04.325Z"}
info: PUT /person/6295aae84b4ab26a043e74e5/Johnson 200 178 - 89.965 ms

info: Connected to database
info: Connected to database
info: Connected to database
info: Connected to database
info: Connected to database
info: Connected to database
info: Connected to database
info: Connected to database
info: Connected to database
info: Connected to database
debug: Returned 2 people
info: GET /person 200 360 - 35.365 ms

debug: Updated person {"_id":"6295ab65bb4ed62b5bc26c0d","first_name":"John","last_name":"Test","vaccine":"Pfizer","__v":0,"createdAt":"2022-05-31T05:45:09.063Z","updatedAt":"2022-05-31T05:45:09.063Z"}
info: PUT /person/6295ab65bb4ed62b5bc26c0d/Johnson 200 178 - 110.371 ms

info: Connected to database
info: Connected to database
info: Connected to database
info: Connected to database
info: Connected to database
debug: Returned 2 people
info: GET /person 200 360 - 53.356 ms

debug: Updated person {"_id":"6295abdb4402582161a4c511","first_name":"John","last_name":"Test","vaccine":"Pfizer","__v":0,"createdAt":"2022-05-31T05:47:07.366Z","updatedAt":"2022-05-31T05:47:07.366Z"}
info: PUT /person/6295abdb4402582161a4c511/Johnson 200 178 - 98.290 ms

debug: Returned 1000 people
info: GET /person 200 183528 - 200.533 ms

error: Page not found
info: GET /person/6295a97d1fb8da705b85787d/Johnson 404 41 - 2.263 ms

debug: Returned person {"_id":"6295a97d1fb8da705b85787d","first_name":"Dominic","last_name":"McGeaney","vaccine":"Pfizer","__v":0,"createdAt":"2022-05-31T05:37:01.763Z","updatedAt":"2022-05-31T05:37:01.763Z"}
info: GET /person/6295a97d1fb8da705b85787d 200 185 - 33.694 ms

info: Connected to database
debug: Updated person {"_id":"6295a97d1fb8da705b85787d","first_name":"Dominic","last_name":"McGeaney","vaccine":"Pfizer","__v":0,"createdAt":"2022-05-31T05:37:01.763Z","updatedAt":"2022-05-31T05:37:01.763Z"}
info: PUT /person/6295a97d1fb8da705b85787d/Moderna 200 185 - 72.841 ms

debug: Returned person {"_id":"6295a97d1fb8da705b85787d","first_name":"Dominic","last_name":"McGeaney","vaccine":"Moderna","__v":0,"createdAt":"2022-05-31T05:37:01.763Z","updatedAt":"2022-05-31T05:54:54.851Z"}
info: GET /person/6295a97d1fb8da705b85787d 200 186 - 36.823 ms

info: Connected to database
info: Connected to database
info: Connected to database
info: Connected to database
debug: Returned 2 people
info: GET /person 200 360 - 39.005 ms

debug: Updated person {"_id":"6295aecc4f4af015edd58760","first_name":"John","last_name":"Test","vaccine":"Pfizer","__v":0,"createdAt":"2022-05-31T05:59:40.810Z","updatedAt":"2022-05-31T05:59:40.810Z"}
info: PUT /person/6295aecc4f4af015edd58760/Johnson 200 178 - 49.175 ms

info: Connected to database
info: Connected to database
info: Connected to database
info: Connected to database
debug: Returned 2 people
info: GET /person 200 360 - 37.447 ms

debug: Updated person {"_id":"6295af00a79dfb3062f93e72","first_name":"John","last_name":"Test","vaccine":"Pfizer","__v":0,"createdAt":"2022-05-31T06:00:32.996Z","updatedAt":"2022-05-31T06:00:32.996Z"}
info: PUT /person/6295af00a79dfb3062f93e72/Johnson 200 178 - 63.967 ms

info: Connected to database
info: Connected to database
debug: Returned 2 people
info: GET /person 200 360 - 64.824 ms

debug: Updated person {"_id":"6295afd705e745c38cca923f","first_name":"John","last_name":"Test","vaccine":"Pfizer","__v":0,"createdAt":"2022-05-31T06:04:07.624Z","updatedAt":"2022-05-31T06:04:07.624Z"}
info: PUT /person/6295afd705e745c38cca923f/Johnson 200 178 - 49.942 ms

info: Connected to database
info: Connected to database
debug: Returned 2 people
info: GET /person 200 360 - 38.161 ms

debug: Updated person {"_id":"6295b3a79824bbcec380a077","first_name":"John","last_name":"Test","vaccine":"Pfizer","__v":0,"createdAt":"2022-05-31T06:20:23.620Z","updatedAt":"2022-05-31T06:20:23.620Z"}
info: PUT /person/6295b3a79824bbcec380a077/Johnson 200 178 - 58.176 ms

info: Connected to database
info: Connected to database
debug: Returned 2 people
info: GET /person 200 360 - 36.334 ms

debug: Updated person {"_id":"6295b429d2c2fb25bea3d155","first_name":"John","last_name":"Test","vaccine":"Pfizer","__v":0,"createdAt":"2022-05-31T06:22:33.707Z","updatedAt":"2022-05-31T06:22:33.707Z"}
info: PUT /person/6295b429d2c2fb25bea3d155/Johnson 200 178 - 76.315 ms

info: Connected to database
info: Connected to database
debug: Returned 2 people
info: GET /person 200 360 - 35.943 ms

debug: Updated person {"_id":"6295b5c95068bef5ad1826d8","first_name":"John","last_name":"Test","vaccine":"Pfizer","__v":0,"createdAt":"2022-05-31T06:29:29.582Z","updatedAt":"2022-05-31T06:29:29.582Z"}
info: PUT /person/6295b5c95068bef5ad1826d8/Johnson 200 178 - 66.826 ms

info: Connected to database
info: Connected to database
info: Connected to database
info: Connected to database
debug: Returned 2 people
info: GET /person 200 360 - 36.584 ms

debug: Updated person {"_id":"6295b6fdf11a0ba680b9799f","first_name":"John","last_name":"Test","vaccine":"Pfizer","__v":0,"createdAt":"2022-05-31T06:34:37.241Z","updatedAt":"2022-05-31T06:34:37.241Z"}
info: PUT /person/6295b6fdf11a0ba680b9799f/Johnson 200 178 - 59.708 ms

info: Connected to database
info: Connected to database
info: Connected to database
info: Connected to database
error: uncaughtException: Invalid or unexpected token
E:\Training360-2\T360-GyakorloFeladatokFullstack\gyakorlofeladat-api-07-sunw5\ESZT\routes\person.routes.js:30
  console.log("req.params.vaccine);
              ^^^^^^^^^^^^^^^^^^^^^

SyntaxError: Invalid or unexpected token
    at Object.compileFunction (node:vm:352:18)
    at wrapSafe (node:internal/modules/cjs/loader:1033:15)
    at Module._compile (node:internal/modules/cjs/loader:1069:27)
    at Module._extensions..js (node:internal/modules/cjs/loader:1159:10)
    at Module.load (node:internal/modules/cjs/loader:981:32)
    at Module._load (node:internal/modules/cjs/loader:827:12)
    at Module.require (node:internal/modules/cjs/loader:1005:19)
    at require (node:internal/modules/cjs/helpers:102:18)
    at Object.<anonymous> (E:\Training360-2\T360-GyakorloFeladatokFullstack\gyakorlofeladat-api-07-sunw5\ESZT\app.js:8:22)
    at Module._compile (node:internal/modules/cjs/loader:1105:14) {"date":"Tue May 31 2022 08:37:54 GMT+0200 (Central European Summer Time)","error":{},"exception":true,"os":{"loadavg":[0,0,0],"uptime":1437564},"process":{"argv":["C:\\Program Files\\nodejs\\node.exe","E:\\Training360-2\\T360-GyakorloFeladatokFullstack\\gyakorlofeladat-api-07-sunw5\\ESZT\\bin\\www","bin/src"],"cwd":"E:\\Training360-2\\T360-GyakorloFeladatokFullstack\\gyakorlofeladat-api-07-sunw5\\ESZT","execPath":"C:\\Program Files\\nodejs\\node.exe","gid":null,"memoryUsage":{"arrayBuffers":18823537,"external":19658275,"heapTotal":36413440,"heapUsed":26087632,"rss":65925120},"pid":2900,"uid":null,"version":"v18.0.0"},"stack":"E:\\Training360-2\\T360-GyakorloFeladatokFullstack\\gyakorlofeladat-api-07-sunw5\\ESZT\\routes\\person.routes.js:30\n  console.log(\"req.params.vaccine);\n              ^^^^^^^^^^^^^^^^^^^^^\n\nSyntaxError: Invalid or unexpected token\n    at Object.compileFunction (node:vm:352:18)\n    at wrapSafe (node:internal/modules/cjs/loader:1033:15)\n    at Module._compile (node:internal/modules/cjs/loader:1069:27)\n    at Module._extensions..js (node:internal/modules/cjs/loader:1159:10)\n    at Module.load (node:internal/modules/cjs/loader:981:32)\n    at Module._load (node:internal/modules/cjs/loader:827:12)\n    at Module.require (node:internal/modules/cjs/loader:1005:19)\n    at require (node:internal/modules/cjs/helpers:102:18)\n    at Object.<anonymous> (E:\\Training360-2\\T360-GyakorloFeladatokFullstack\\gyakorlofeladat-api-07-sunw5\\ESZT\\app.js:8:22)\n    at Module._compile (node:internal/modules/cjs/loader:1105:14)","trace":[{"column":18,"file":"node:vm","function":"Object.compileFunction","line":352,"method":"compileFunction","native":false},{"column":15,"file":"node:internal/modules/cjs/loader","function":"wrapSafe","line":1033,"method":null,"native":false},{"column":27,"file":"node:internal/modules/cjs/loader","function":"Module._compile","line":1069,"method":"_compile","native":false},{"column":10,"file":"node:internal/modules/cjs/loader","function":"Module._extensions..js","line":1159,"method":".js","native":false},{"column":32,"file":"node:internal/modules/cjs/loader","function":"Module.load","line":981,"method":"load","native":false},{"column":12,"file":"node:internal/modules/cjs/loader","function":"Module._load","line":827,"method":"_load","native":false},{"column":19,"file":"node:internal/modules/cjs/loader","function":"Module.require","line":1005,"method":"require","native":false},{"column":18,"file":"node:internal/modules/cjs/helpers","function":"require","line":102,"method":null,"native":false},{"column":22,"file":"E:\\Training360-2\\T360-GyakorloFeladatokFullstack\\gyakorlofeladat-api-07-sunw5\\ESZT\\app.js","function":null,"line":8,"method":null,"native":false},{"column":14,"file":"node:internal/modules/cjs/loader","function":"Module._compile","line":1105,"method":"_compile","native":false}]}
error: uncaughtException: Invalid or unexpected token
E:\Training360-2\T360-GyakorloFeladatokFullstack\gyakorlofeladat-api-07-sunw5\ESZT\routes\person.routes.js:30
  console.log("routereq.params.vaccine);
              ^^^^^^^^^^^^^^^^^^^^^^^^^^

SyntaxError: Invalid or unexpected token
    at Object.compileFunction (node:vm:352:18)
    at wrapSafe (node:internal/modules/cjs/loader:1033:15)
    at Module._compile (node:internal/modules/cjs/loader:1069:27)
    at Module._extensions..js (node:internal/modules/cjs/loader:1159:10)
    at Module.load (node:internal/modules/cjs/loader:981:32)
    at Module._load (node:internal/modules/cjs/loader:827:12)
    at Module.require (node:internal/modules/cjs/loader:1005:19)
    at require (node:internal/modules/cjs/helpers:102:18)
    at Object.<anonymous> (E:\Training360-2\T360-GyakorloFeladatokFullstack\gyakorlofeladat-api-07-sunw5\ESZT\app.js:8:22)
    at Module._compile (node:internal/modules/cjs/loader:1105:14) {"date":"Tue May 31 2022 08:37:58 GMT+0200 (Central European Summer Time)","error":{},"exception":true,"os":{"loadavg":[0,0,0],"uptime":1437568},"process":{"argv":["C:\\Program Files\\nodejs\\node.exe","E:\\Training360-2\\T360-GyakorloFeladatokFullstack\\gyakorlofeladat-api-07-sunw5\\ESZT\\bin\\www","bin/src"],"cwd":"E:\\Training360-2\\T360-GyakorloFeladatokFullstack\\gyakorlofeladat-api-07-sunw5\\ESZT","execPath":"C:\\Program Files\\nodejs\\node.exe","gid":null,"memoryUsage":{"arrayBuffers":18505781,"external":19340519,"heapTotal":36937728,"heapUsed":23499264,"rss":65708032},"pid":6880,"uid":null,"version":"v18.0.0"},"stack":"E:\\Training360-2\\T360-GyakorloFeladatokFullstack\\gyakorlofeladat-api-07-sunw5\\ESZT\\routes\\person.routes.js:30\n  console.log(\"routereq.params.vaccine);\n              ^^^^^^^^^^^^^^^^^^^^^^^^^^\n\nSyntaxError: Invalid or unexpected token\n    at Object.compileFunction (node:vm:352:18)\n    at wrapSafe (node:internal/modules/cjs/loader:1033:15)\n    at Module._compile (node:internal/modules/cjs/loader:1069:27)\n    at Module._extensions..js (node:internal/modules/cjs/loader:1159:10)\n    at Module.load (node:internal/modules/cjs/loader:981:32)\n    at Module._load (node:internal/modules/cjs/loader:827:12)\n    at Module.require (node:internal/modules/cjs/loader:1005:19)\n    at require (node:internal/modules/cjs/helpers:102:18)\n    at Object.<anonymous> (E:\\Training360-2\\T360-GyakorloFeladatokFullstack\\gyakorlofeladat-api-07-sunw5\\ESZT\\app.js:8:22)\n    at Module._compile (node:internal/modules/cjs/loader:1105:14)","trace":[{"column":18,"file":"node:vm","function":"Object.compileFunction","line":352,"method":"compileFunction","native":false},{"column":15,"file":"node:internal/modules/cjs/loader","function":"wrapSafe","line":1033,"method":null,"native":false},{"column":27,"file":"node:internal/modules/cjs/loader","function":"Module._compile","line":1069,"method":"_compile","native":false},{"column":10,"file":"node:internal/modules/cjs/loader","function":"Module._extensions..js","line":1159,"method":".js","native":false},{"column":32,"file":"node:internal/modules/cjs/loader","function":"Module.load","line":981,"method":"load","native":false},{"column":12,"file":"node:internal/modules/cjs/loader","function":"Module._load","line":827,"method":"_load","native":false},{"column":19,"file":"node:internal/modules/cjs/loader","function":"Module.require","line":1005,"method":"require","native":false},{"column":18,"file":"node:internal/modules/cjs/helpers","function":"require","line":102,"method":null,"native":false},{"column":22,"file":"E:\\Training360-2\\T360-GyakorloFeladatokFullstack\\gyakorlofeladat-api-07-sunw5\\ESZT\\app.js","function":null,"line":8,"method":null,"native":false},{"column":14,"file":"node:internal/modules/cjs/loader","function":"Module._compile","line":1105,"method":"_compile","native":false}]}
error: uncaughtException: missing ) after argument list
E:\Training360-2\T360-GyakorloFeladatokFullstack\gyakorlofeladat-api-07-sunw5\ESZT\routes\person.routes.js:30
  console.log("route"req.params.vaccine);
              ^^^^^^^

SyntaxError: missing ) after argument list
    at Object.compileFunction (node:vm:352:18)
    at wrapSafe (node:internal/modules/cjs/loader:1033:15)
    at Module._compile (node:internal/modules/cjs/loader:1069:27)
    at Module._extensions..js (node:internal/modules/cjs/loader:1159:10)
    at Module.load (node:internal/modules/cjs/loader:981:32)
    at Module._load (node:internal/modules/cjs/loader:827:12)
    at Module.require (node:internal/modules/cjs/loader:1005:19)
    at require (node:internal/modules/cjs/helpers:102:18)
    at Object.<anonymous> (E:\Training360-2\T360-GyakorloFeladatokFullstack\gyakorlofeladat-api-07-sunw5\ESZT\app.js:8:22)
    at Module._compile (node:internal/modules/cjs/loader:1105:14) {"date":"Tue May 31 2022 08:37:59 GMT+0200 (Central European Summer Time)","error":{},"exception":true,"os":{"loadavg":[0,0,0],"uptime":1437569},"process":{"argv":["C:\\Program Files\\nodejs\\node.exe","E:\\Training360-2\\T360-GyakorloFeladatokFullstack\\gyakorlofeladat-api-07-sunw5\\ESZT\\bin\\www","bin/src"],"cwd":"E:\\Training360-2\\T360-GyakorloFeladatokFullstack\\gyakorlofeladat-api-07-sunw5\\ESZT","execPath":"C:\\Program Files\\nodejs\\node.exe","gid":null,"memoryUsage":{"arrayBuffers":18531395,"external":19366133,"heapTotal":36937728,"heapUsed":23994880,"rss":66093056},"pid":9444,"uid":null,"version":"v18.0.0"},"stack":"E:\\Training360-2\\T360-GyakorloFeladatokFullstack\\gyakorlofeladat-api-07-sunw5\\ESZT\\routes\\person.routes.js:30\n  console.log(\"route\"req.params.vaccine);\n              ^^^^^^^\n\nSyntaxError: missing ) after argument list\n    at Object.compileFunction (node:vm:352:18)\n    at wrapSafe (node:internal/modules/cjs/loader:1033:15)\n    at Module._compile (node:internal/modules/cjs/loader:1069:27)\n    at Module._extensions..js (node:internal/modules/cjs/loader:1159:10)\n    at Module.load (node:internal/modules/cjs/loader:981:32)\n    at Module._load (node:internal/modules/cjs/loader:827:12)\n    at Module.require (node:internal/modules/cjs/loader:1005:19)\n    at require (node:internal/modules/cjs/helpers:102:18)\n    at Object.<anonymous> (E:\\Training360-2\\T360-GyakorloFeladatokFullstack\\gyakorlofeladat-api-07-sunw5\\ESZT\\app.js:8:22)\n    at Module._compile (node:internal/modules/cjs/loader:1105:14)","trace":[{"column":18,"file":"node:vm","function":"Object.compileFunction","line":352,"method":"compileFunction","native":false},{"column":15,"file":"node:internal/modules/cjs/loader","function":"wrapSafe","line":1033,"method":null,"native":false},{"column":27,"file":"node:internal/modules/cjs/loader","function":"Module._compile","line":1069,"method":"_compile","native":false},{"column":10,"file":"node:internal/modules/cjs/loader","function":"Module._extensions..js","line":1159,"method":".js","native":false},{"column":32,"file":"node:internal/modules/cjs/loader","function":"Module.load","line":981,"method":"load","native":false},{"column":12,"file":"node:internal/modules/cjs/loader","function":"Module._load","line":827,"method":"_load","native":false},{"column":19,"file":"node:internal/modules/cjs/loader","function":"Module.require","line":1005,"method":"require","native":false},{"column":18,"file":"node:internal/modules/cjs/helpers","function":"require","line":102,"method":null,"native":false},{"column":22,"file":"E:\\Training360-2\\T360-GyakorloFeladatokFullstack\\gyakorlofeladat-api-07-sunw5\\ESZT\\app.js","function":null,"line":8,"method":null,"native":false},{"column":14,"file":"node:internal/modules/cjs/loader","function":"Module._compile","line":1105,"method":"_compile","native":false}]}
info: Connected to database
info: Connected to database
debug: Returned 2 people
info: GET /person 200 360 - 38.782 ms

debug: Updated person {"_id":"6295b7d05bc264a61c015f7d","first_name":"John","last_name":"Test","vaccine":"Pfizer","__v":0,"createdAt":"2022-05-31T06:38:08.338Z","updatedAt":"2022-05-31T06:38:08.338Z"}
info: PUT /person/6295b7d05bc264a61c015f7d/Johnson 200 178 - 119.075 ms

info: Connected to database
info: Connected to database
info: Connected to database
info: Connected to database
info: Connected to database
error: uncaughtException: Invalid or unexpected token
E:\Training360-2\T360-GyakorloFeladatokFullstack\gyakorlofeladat-api-07-sunw5\ESZT\controllers\person.controller.js:89
    console.log('person);
                ^^^^^^^^^

SyntaxError: Invalid or unexpected token
    at Object.compileFunction (node:vm:352:18)
    at wrapSafe (node:internal/modules/cjs/loader:1033:15)
    at Module._compile (node:internal/modules/cjs/loader:1069:27)
    at Module._extensions..js (node:internal/modules/cjs/loader:1159:10)
    at Module.load (node:internal/modules/cjs/loader:981:32)
    at Module._load (node:internal/modules/cjs/loader:827:12)
    at Module.require (node:internal/modules/cjs/loader:1005:19)
    at require (node:internal/modules/cjs/helpers:102:18)
    at Object.<anonymous> (E:\Training360-2\T360-GyakorloFeladatokFullstack\gyakorlofeladat-api-07-sunw5\ESZT\routes\person.routes.js:3:26)
    at Module._compile (node:internal/modules/cjs/loader:1105:14) {"date":"Tue May 31 2022 08:39:45 GMT+0200 (Central European Summer Time)","error":{},"exception":true,"os":{"loadavg":[0,0,0],"uptime":1437675},"process":{"argv":["C:\\Program Files\\nodejs\\node.exe","E:\\Training360-2\\T360-GyakorloFeladatokFullstack\\gyakorlofeladat-api-07-sunw5\\ESZT\\bin\\www","bin/src"],"cwd":"E:\\Training360-2\\T360-GyakorloFeladatokFullstack\\gyakorlofeladat-api-07-sunw5\\ESZT","execPath":"C:\\Program Files\\nodejs\\node.exe","gid":null,"memoryUsage":{"arrayBuffers":18878374,"external":19713112,"heapTotal":36413440,"heapUsed":26484792,"rss":66052096},"pid":6772,"uid":null,"version":"v18.0.0"},"stack":"E:\\Training360-2\\T360-GyakorloFeladatokFullstack\\gyakorlofeladat-api-07-sunw5\\ESZT\\controllers\\person.controller.js:89\n    console.log('person);\n                ^^^^^^^^^\n\nSyntaxError: Invalid or unexpected token\n    at Object.compileFunction (node:vm:352:18)\n    at wrapSafe (node:internal/modules/cjs/loader:1033:15)\n    at Module._compile (node:internal/modules/cjs/loader:1069:27)\n    at Module._extensions..js (node:internal/modules/cjs/loader:1159:10)\n    at Module.load (node:internal/modules/cjs/loader:981:32)\n    at Module._load (node:internal/modules/cjs/loader:827:12)\n    at Module.require (node:internal/modules/cjs/loader:1005:19)\n    at require (node:internal/modules/cjs/helpers:102:18)\n    at Object.<anonymous> (E:\\Training360-2\\T360-GyakorloFeladatokFullstack\\gyakorlofeladat-api-07-sunw5\\ESZT\\routes\\person.routes.js:3:26)\n    at Module._compile (node:internal/modules/cjs/loader:1105:14)","trace":[{"column":18,"file":"node:vm","function":"Object.compileFunction","line":352,"method":"compileFunction","native":false},{"column":15,"file":"node:internal/modules/cjs/loader","function":"wrapSafe","line":1033,"method":null,"native":false},{"column":27,"file":"node:internal/modules/cjs/loader","function":"Module._compile","line":1069,"method":"_compile","native":false},{"column":10,"file":"node:internal/modules/cjs/loader","function":"Module._extensions..js","line":1159,"method":".js","native":false},{"column":32,"file":"node:internal/modules/cjs/loader","function":"Module.load","line":981,"method":"load","native":false},{"column":12,"file":"node:internal/modules/cjs/loader","function":"Module._load","line":827,"method":"_load","native":false},{"column":19,"file":"node:internal/modules/cjs/loader","function":"Module.require","line":1005,"method":"require","native":false},{"column":18,"file":"node:internal/modules/cjs/helpers","function":"require","line":102,"method":null,"native":false},{"column":26,"file":"E:\\Training360-2\\T360-GyakorloFeladatokFullstack\\gyakorlofeladat-api-07-sunw5\\ESZT\\routes\\person.routes.js","function":null,"line":3,"method":null,"native":false},{"column":14,"file":"node:internal/modules/cjs/loader","function":"Module._compile","line":1105,"method":"_compile","native":false}]}
error: uncaughtException: Invalid or unexpected token
E:\Training360-2\T360-GyakorloFeladatokFullstack\gyakorlofeladat-api-07-sunw5\ESZT\controllers\person.controller.js:89
    console.log('controllerperson);
                ^^^^^^^^^^^^^^^^^^^

SyntaxError: Invalid or unexpected token
    at Object.compileFunction (node:vm:352:18)
    at wrapSafe (node:internal/modules/cjs/loader:1033:15)
    at Module._compile (node:internal/modules/cjs/loader:1069:27)
    at Module._extensions..js (node:internal/modules/cjs/loader:1159:10)
    at Module.load (node:internal/modules/cjs/loader:981:32)
    at Module._load (node:internal/modules/cjs/loader:827:12)
    at Module.require (node:internal/modules/cjs/loader:1005:19)
    at require (node:internal/modules/cjs/helpers:102:18)
    at Object.<anonymous> (E:\Training360-2\T360-GyakorloFeladatokFullstack\gyakorlofeladat-api-07-sunw5\ESZT\routes\person.routes.js:3:26)
    at Module._compile (node:internal/modules/cjs/loader:1105:14) {"date":"Tue May 31 2022 08:39:50 GMT+0200 (Central European Summer Time)","error":{},"exception":true,"os":{"loadavg":[0,0,0],"uptime":1437680},"process":{"argv":["C:\\Program Files\\nodejs\\node.exe","E:\\Training360-2\\T360-GyakorloFeladatokFullstack\\gyakorlofeladat-api-07-sunw5\\ESZT\\bin\\www","bin/src"],"cwd":"E:\\Training360-2\\T360-GyakorloFeladatokFullstack\\gyakorlofeladat-api-07-sunw5\\ESZT","execPath":"C:\\Program Files\\nodejs\\node.exe","gid":null,"memoryUsage":{"arrayBuffers":18822051,"external":19656789,"heapTotal":36413440,"heapUsed":26292632,"rss":65425408},"pid":16416,"uid":null,"version":"v18.0.0"},"stack":"E:\\Training360-2\\T360-GyakorloFeladatokFullstack\\gyakorlofeladat-api-07-sunw5\\ESZT\\controllers\\person.controller.js:89\n    console.log('controllerperson);\n                ^^^^^^^^^^^^^^^^^^^\n\nSyntaxError: Invalid or unexpected token\n    at Object.compileFunction (node:vm:352:18)\n    at wrapSafe (node:internal/modules/cjs/loader:1033:15)\n    at Module._compile (node:internal/modules/cjs/loader:1069:27)\n    at Module._extensions..js (node:internal/modules/cjs/loader:1159:10)\n    at Module.load (node:internal/modules/cjs/loader:981:32)\n    at Module._load (node:internal/modules/cjs/loader:827:12)\n    at Module.require (node:internal/modules/cjs/loader:1005:19)\n    at require (node:internal/modules/cjs/helpers:102:18)\n    at Object.<anonymous> (E:\\Training360-2\\T360-GyakorloFeladatokFullstack\\gyakorlofeladat-api-07-sunw5\\ESZT\\routes\\person.routes.js:3:26)\n    at Module._compile (node:internal/modules/cjs/loader:1105:14)","trace":[{"column":18,"file":"node:vm","function":"Object.compileFunction","line":352,"method":"compileFunction","native":false},{"column":15,"file":"node:internal/modules/cjs/loader","function":"wrapSafe","line":1033,"method":null,"native":false},{"column":27,"file":"node:internal/modules/cjs/loader","function":"Module._compile","line":1069,"method":"_compile","native":false},{"column":10,"file":"node:internal/modules/cjs/loader","function":"Module._extensions..js","line":1159,"method":".js","native":false},{"column":32,"file":"node:internal/modules/cjs/loader","function":"Module.load","line":981,"method":"load","native":false},{"column":12,"file":"node:internal/modules/cjs/loader","function":"Module._load","line":827,"method":"_load","native":false},{"column":19,"file":"node:internal/modules/cjs/loader","function":"Module.require","line":1005,"method":"require","native":false},{"column":18,"file":"node:internal/modules/cjs/helpers","function":"require","line":102,"method":null,"native":false},{"column":26,"file":"E:\\Training360-2\\T360-GyakorloFeladatokFullstack\\gyakorlofeladat-api-07-sunw5\\ESZT\\routes\\person.routes.js","function":null,"line":3,"method":null,"native":false},{"column":14,"file":"node:internal/modules/cjs/loader","function":"Module._compile","line":1105,"method":"_compile","native":false}]}
error: uncaughtException: missing ) after argument list
E:\Training360-2\T360-GyakorloFeladatokFullstack\gyakorlofeladat-api-07-sunw5\ESZT\controllers\person.controller.js:89
    console.log('controller'person);
                ^^^^^^^^^^^^

SyntaxError: missing ) after argument list
    at Object.compileFunction (node:vm:352:18)
    at wrapSafe (node:internal/modules/cjs/loader:1033:15)
    at Module._compile (node:internal/modules/cjs/loader:1069:27)
    at Module._extensions..js (node:internal/modules/cjs/loader:1159:10)
    at Module.load (node:internal/modules/cjs/loader:981:32)
    at Module._load (node:internal/modules/cjs/loader:827:12)
    at Module.require (node:internal/modules/cjs/loader:1005:19)
    at require (node:internal/modules/cjs/helpers:102:18)
    at Object.<anonymous> (E:\Training360-2\T360-GyakorloFeladatokFullstack\gyakorlofeladat-api-07-sunw5\ESZT\routes\person.routes.js:3:26)
    at Module._compile (node:internal/modules/cjs/loader:1105:14) {"date":"Tue May 31 2022 08:39:51 GMT+0200 (Central European Summer Time)","error":{},"exception":true,"os":{"loadavg":[0,0,0],"uptime":1437681},"process":{"argv":["C:\\Program Files\\nodejs\\node.exe","E:\\Training360-2\\T360-GyakorloFeladatokFullstack\\gyakorlofeladat-api-07-sunw5\\ESZT\\bin\\www","bin/src"],"cwd":"E:\\Training360-2\\T360-GyakorloFeladatokFullstack\\gyakorlofeladat-api-07-sunw5\\ESZT","execPath":"C:\\Program Files\\nodejs\\node.exe","gid":null,"memoryUsage":{"arrayBuffers":18855178,"external":19689916,"heapTotal":36413440,"heapUsed":26307736,"rss":65507328},"pid":15172,"uid":null,"version":"v18.0.0"},"stack":"E:\\Training360-2\\T360-GyakorloFeladatokFullstack\\gyakorlofeladat-api-07-sunw5\\ESZT\\controllers\\person.controller.js:89\n    console.log('controller'person);\n                ^^^^^^^^^^^^\n\nSyntaxError: missing ) after argument list\n    at Object.compileFunction (node:vm:352:18)\n    at wrapSafe (node:internal/modules/cjs/loader:1033:15)\n    at Module._compile (node:internal/modules/cjs/loader:1069:27)\n    at Module._extensions..js (node:internal/modules/cjs/loader:1159:10)\n    at Module.load (node:internal/modules/cjs/loader:981:32)\n    at Module._load (node:internal/modules/cjs/loader:827:12)\n    at Module.require (node:internal/modules/cjs/loader:1005:19)\n    at require (node:internal/modules/cjs/helpers:102:18)\n    at Object.<anonymous> (E:\\Training360-2\\T360-GyakorloFeladatokFullstack\\gyakorlofeladat-api-07-sunw5\\ESZT\\routes\\person.routes.js:3:26)\n    at Module._compile (node:internal/modules/cjs/loader:1105:14)","trace":[{"column":18,"file":"node:vm","function":"Object.compileFunction","line":352,"method":"compileFunction","native":false},{"column":15,"file":"node:internal/modules/cjs/loader","function":"wrapSafe","line":1033,"method":null,"native":false},{"column":27,"file":"node:internal/modules/cjs/loader","function":"Module._compile","line":1069,"method":"_compile","native":false},{"column":10,"file":"node:internal/modules/cjs/loader","function":"Module._extensions..js","line":1159,"method":".js","native":false},{"column":32,"file":"node:internal/modules/cjs/loader","function":"Module.load","line":981,"method":"load","native":false},{"column":12,"file":"node:internal/modules/cjs/loader","function":"Module._load","line":827,"method":"_load","native":false},{"column":19,"file":"node:internal/modules/cjs/loader","function":"Module.require","line":1005,"method":"require","native":false},{"column":18,"file":"node:internal/modules/cjs/helpers","function":"require","line":102,"method":null,"native":false},{"column":26,"file":"E:\\Training360-2\\T360-GyakorloFeladatokFullstack\\gyakorlofeladat-api-07-sunw5\\ESZT\\routes\\person.routes.js","function":null,"line":3,"method":null,"native":false},{"column":14,"file":"node:internal/modules/cjs/loader","function":"Module._compile","line":1105,"method":"_compile","native":false}]}
info: Connected to database
info: Connected to database
debug: Returned 2 people
info: GET /person 200 360 - 37.123 ms

debug: Updated person {"_id":"6295b844fb8aa76b29bdb5a8","first_name":"John","last_name":"Test","vaccine":"Pfizer","__v":0,"createdAt":"2022-05-31T06:40:04.177Z","updatedAt":"2022-05-31T06:40:04.177Z"}
info: PUT /person/6295b844fb8aa76b29bdb5a8/Johnson 200 178 - 123.057 ms

info: Connected to database
info: Connected to database
info: Connected to database
info: Connected to database
debug: Returned 2 people
info: GET /person 200 360 - 39.772 ms

debug: Updated person {"_id":"6295b87cbcaef9cacc9283e8","first_name":"John","last_name":"Test","vaccine":"Pfizer","__v":0,"createdAt":"2022-05-31T06:41:00.720Z","updatedAt":"2022-05-31T06:41:00.720Z"}
info: PUT /person/6295b87cbcaef9cacc9283e8/Johnson 200 178 - 74.726 ms

info: Connected to database
info: Connected to database
info: Connected to database
info: Connected to database
info: Connected to database
info: Connected to database
debug: Returned 2 people
info: GET /person 200 360 - 50.028 ms

debug: Updated person {"_id":"6295b8b9d3a1a24896c95b68","first_name":"John","last_name":"Test","vaccine":"Pfizer","__v":0,"createdAt":"2022-05-31T06:42:01.425Z","updatedAt":"2022-05-31T06:42:01.425Z"}
info: PUT /person/6295b8b9d3a1a24896c95b68/Johnson 200 178 - 118.992 ms

info: Connected to database
info: Connected to database
info: Connected to database
info: Connected to database
info: Connected to database
info: Connected to database
debug: Returned 2 people
info: GET /person 200 360 - 43.023 ms

debug: Updated person {"_id":"6295b9069edd80e259dbbea0","first_name":"John","last_name":"Test","vaccine":"Pfizer","__v":0,"createdAt":"2022-05-31T06:43:18.162Z","updatedAt":"2022-05-31T06:43:18.162Z"}
info: PUT /person/6295b9069edd80e259dbbea0/Johnson 200 178 - 101.479 ms

info: Connected to database
info: Connected to database
info: Connected to database
debug: Returned 2 people
info: GET /person 200 360 - 38.391 ms

debug: Updated person {"_id":"6295ba7d1a20bedc4c2d063e","first_name":"John","last_name":"Test","vaccine":"Pfizer","__v":0,"createdAt":"2022-05-31T06:49:33.054Z","updatedAt":"2022-05-31T06:49:33.054Z"}
info: PUT /person/6295ba7d1a20bedc4c2d063e/Johnson 200 178 - 132.313 ms

info: Connected to database
info: Connected to database
info: Connected to database
debug: Returned 2 people
info: GET /person 200 360 - 53.816 ms

debug: Updated person {"_id":"6295bb0b559952504559dabe","first_name":"John","last_name":"Test","vaccine":"Pfizer","__v":0,"createdAt":"2022-05-31T06:51:55.342Z","updatedAt":"2022-05-31T06:51:55.342Z"}
info: PUT /person/6295bb0b559952504559dabe/Johnson 200 178 - 116.858 ms

info: Connected to database
info: Connected to database
info: Connected to database
debug: Returned 2 people
info: GET /person 200 360 - 60.055 ms

debug: Updated person {"_id":"6295bb5ef3bb559839292f28","first_name":"John","last_name":"Test","vaccine":"Pfizer","__v":0,"createdAt":"2022-05-31T06:53:18.248Z","updatedAt":"2022-05-31T06:53:18.248Z"}
info: PUT /person/6295bb5ef3bb559839292f28/Johnson 200 178 - 137.987 ms

info: Connected to database
debug: Returned 2 people
info: GET /person 200 360 - 72.531 ms

debug: Updated person {"_id":"6295bb8ee22d60ebaeff5c21","first_name":"John","last_name":"Test","vaccine":"Pfizer","__v":0,"createdAt":"2022-05-31T06:54:06.046Z","updatedAt":"2022-05-31T06:54:06.046Z"}
info: PUT /person/6295bb8ee22d60ebaeff5c21/Johnson 200 178 - 130.359 ms

info: Connected to database
info: Connected to database
info: Connected to database
info: Connected to database
info: Connected to database
info: Connected to database
info: Connected to database
debug: Returned 2 people
info: GET /person 200 360 - 33.702 ms

debug: Updated person {"_id":"6295bc271d31a67e48243a10","first_name":"John","last_name":"Test","vaccine":"Pfizer","__v":0,"createdAt":"2022-05-31T06:56:39.266Z","updatedAt":"2022-05-31T06:56:39.266Z"}
info: PUT /person/6295bc271d31a67e48243a10/Johnson 200 178 - 138.661 ms

info: Connected to database
info: Connected to database
info: Connected to database
info: Connected to database
info: Connected to database
info: Connected to database
info: Connected to database
info: Connected to database
info: Connected to database
info: Connected to database
info: Connected to database
debug: Returned 2 people
info: GET /person 200 360 - 36.277 ms

debug: Updated person {"_id":"6295bd7eddf76f3d453265bd","first_name":"John","last_name":"Test","vaccine":"Pfizer","__v":0,"createdAt":"2022-05-31T07:02:22.355Z","updatedAt":"2022-05-31T07:02:22.355Z"}
info: PUT /person/6295bd7eddf76f3d453265bd/Johnson 200 178 - 181.174 ms

info: Connected to database
info: Connected to database
info: Connected to database
info: Connected to database
info: Connected to database
info: Connected to database
info: Connected to database
debug: Returned 2 people
info: GET /person 200 360 - 37.956 ms

debug: Updated person {"_id":"6295be40b64d784389c12560","first_name":"John","last_name":"Test","vaccine":"Pfizer","__v":0,"createdAt":"2022-05-31T07:05:36.482Z","updatedAt":"2022-05-31T07:05:36.482Z"}
info: PUT /person/6295be40b64d784389c12560/Johnson 200 178 - 86.989 ms

info: Connected to database
info: Connected to database
info: Connected to database
info: Connected to database
debug: Returned 2 people
info: GET /person 200 360 - 34.087 ms

debug: Updated person {"_id":"6295bf0b18e73fb100147243","first_name":"John","last_name":"Test","vaccine":"Johnson","__v":0,"createdAt":"2022-05-31T07:08:59.018Z","updatedAt":"2022-05-31T07:08:59.862Z"}
info: PUT /person/6295bf0b18e73fb100147243/Johnson 200 179 - 73.800 ms

info: Connected to database
info: Connected to database
info: Connected to database
info: Connected to database
info: Connected to database
info: Connected to database
info: Connected to database
info: Connected to database
debug: Returned 2 people
info: GET /person 200 360 - 37.015 ms

info: Connected to database
info: Connected to database
info: Connected to database
info: Connected to database
info: Connected to database
debug: Returned 2 people
info: GET /person 200 360 - 51.177 ms

info: Connected to database
info: Connected to database
info: Connected to database
info: Connected to database
info: Connected to database
info: Connected to database
info: Connected to database
debug: Returned 2 people
info: GET /person 200 360 - 35.361 ms

debug: Updated person {"_id":"6295c0acee157e352c040940","first_name":"John","last_name":"Test","vaccine":"Johnson","__v":0,"createdAt":"2022-05-31T07:15:56.421Z","updatedAt":"2022-05-31T07:15:56.635Z"}
info: PUT /person/6295c0acee157e352c040940/Johnson 200 179 - 58.146 ms

info: Connected to database
debug: Returned 2 people
info: GET /person 200 360 - 37.270 ms

debug: Updated person {"_id":"6295c0c8734fee5e3b9b40ee","first_name":"John","last_name":"Test","vaccine":"Johnson","__v":0,"createdAt":"2022-05-31T07:16:24.193Z","updatedAt":"2022-05-31T07:16:24.357Z"}
info: PUT /person/6295c0c8734fee5e3b9b40ee/Johnson 200 179 - 63.705 ms

info: Connected to database
info: Connected to database
info: Connected to database
info: Connected to database
debug: Returned 2 people
info: GET /person 200 360 - 34.007 ms

debug: Updated person {"_id":"6295c20d57e93347815c22b8","first_name":"John","last_name":"Test","vaccine":"Johnson","__v":0,"createdAt":"2022-05-31T07:21:49.671Z","updatedAt":"2022-05-31T07:21:49.782Z"}
info: PUT /person/6295c20d57e93347815c22b8/Johnson 200 179 - 52.744 ms

info: Connected to database
info: Connected to database
info: Connected to database
debug: Returned 5 people
info: GET /person 200 913 - 38.752 ms

debug: Updated person {"_id":"62961a8854008d317adc44a5","first_name":"John","last_name":"Test","vaccine":"Johnson","__v":0,"createdAt":"2022-05-31T13:39:20.876Z","updatedAt":"2022-05-31T13:39:20.986Z"}
info: PUT /person/62961a8854008d317adc44a5/Johnson 200 179 - 62.841 ms

info: Connected to database
debug: Returned 2 people
info: GET /person 200 360 - 45.995 ms

debug: Updated person {"_id":"62961b15e1f1daf0777cb977","first_name":"John","last_name":"Test","vaccine":"Johnson","__v":0,"createdAt":"2022-05-31T13:41:41.725Z","updatedAt":"2022-05-31T13:41:41.833Z"}
info: PUT /person/62961b15e1f1daf0777cb977/Johnson 200 179 - 51.258 ms

info: Connected to database
debug: Returned 2 people
info: GET /person 200 360 - 39.869 ms

debug: Updated person {"_id":"62961b21b5174881a963fd01","first_name":"John","last_name":"Test","vaccine":"Johnson","__v":0,"createdAt":"2022-05-31T13:41:53.536Z","updatedAt":"2022-05-31T13:41:53.628Z"}
info: PUT /person/62961b21b5174881a963fd01/Johnson 200 179 - 43.604 ms

info: Connected to database
debug: Returned 1002 people
info: GET /person 200 183888 - 258.612 ms

debug: Updated person {"_id":"62961b47f5726da435d62430","first_name":"John","last_name":"Test","vaccine":"Johnson","__v":0,"createdAt":"2022-05-31T13:42:31.986Z","updatedAt":"2022-05-31T13:42:32.091Z"}
info: PUT /person/62961b47f5726da435d62430/Johnson 200 179 - 70.109 ms

info: Connected to database
info: Connected to database
debug: Returned 2 people
info: GET /person 200 360 - 40.447 ms

debug: Updated person {"_id":"62961be47424db5a9a1ffc38","first_name":"John","last_name":"Test","vaccine":"Johnson","__v":0,"createdAt":"2022-05-31T13:45:08.265Z","updatedAt":"2022-05-31T13:45:08.387Z"}
info: PUT /person/62961be47424db5a9a1ffc38/Johnson 200 179 - 57.981 ms

info: Connected to database
debug: Returned 2 people
info: GET /person 200 360 - 61.485 ms

debug: Updated person {"_id":"62961bef4131cd7db1b902de","first_name":"John","last_name":"Test","vaccine":"Johnson","__v":0,"createdAt":"2022-05-31T13:45:19.278Z","updatedAt":"2022-05-31T13:45:19.387Z"}
info: PUT /person/62961bef4131cd7db1b902de/Johnson 200 179 - 48.356 ms

info: Connected to database
debug: Returned 2 people
info: GET /person 200 360 - 48.085 ms

debug: Updated person {"_id":"62961d34d3e464388b89a5fc","first_name":"John","last_name":"Test","vaccine":"Johnson","__v":0,"createdAt":"2022-05-31T13:50:44.259Z","updatedAt":"2022-05-31T13:50:44.377Z"}
info: PUT /person/62961d34d3e464388b89a5fc/Johnson 200 179 - 52.521 ms

info: Connected to database
debug: Returned 2 people
info: GET /person 200 360 - 46.357 ms

debug: Updated person {"_id":"629621ed8718461b20434e4b","first_name":"John","last_name":"Test","vaccine":"Johnson","__v":0,"createdAt":"2022-05-31T14:10:53.881Z","updatedAt":"2022-05-31T14:10:54.005Z"}
info: PUT /person/629621ed8718461b20434e4b/Johnson 200 179 - 53.016 ms

info: Connected to database
debug: Returned 4 people
info: GET /person 200 719 - 35.651 ms

debug: Updated person {"_id":"6296221152bbc0d4b7a9cf95","first_name":"John","last_name":"Test","vaccine":"Johnson","__v":0,"createdAt":"2022-05-31T14:11:29.216Z","updatedAt":"2022-05-31T14:11:29.296Z"}
info: PUT /person/6296221152bbc0d4b7a9cf95/Johnson 200 179 - 65.913 ms

info: Connected to database
debug: Returned 6 people
info: GET /person 200 1078 - 34.538 ms

debug: Updated person {"_id":"6296224a6b6ba57c7f803b43","first_name":"John","last_name":"Test","vaccine":"Johnson","__v":0,"createdAt":"2022-05-31T14:12:26.210Z","updatedAt":"2022-05-31T14:12:26.328Z"}
info: PUT /person/6296224a6b6ba57c7f803b43/Johnson 200 179 - 59.420 ms

info: Connected to database
debug: Returned 2 people
info: GET /person 200 360 - 38.220 ms

debug: Updated person {"_id":"629622733a3f0fbd6922d389","first_name":"John","last_name":"Test","vaccine":"Johnson","__v":0,"createdAt":"2022-05-31T14:13:07.078Z","updatedAt":"2022-05-31T14:13:07.222Z"}
info: PUT /person/629622733a3f0fbd6922d389/Johnson 200 179 - 65.912 ms

info: Connected to database
debug: Returned 2 people
info: GET /person 200 360 - 43.875 ms

debug: Updated person {"_id":"62962288eedcd3a83b42fa84","first_name":"John","last_name":"Test","vaccine":"Johnson","__v":0,"createdAt":"2022-05-31T14:13:28.726Z","updatedAt":"2022-05-31T14:13:28.847Z"}
info: PUT /person/62962288eedcd3a83b42fa84/Johnson 200 179 - 66.927 ms

info: Connected to database
debug: Returned 2 people
info: GET /person 200 360 - 63.241 ms

debug: Updated person {"_id":"629625575c93a2d933015841","first_name":"John","last_name":"Test","vaccine":"Johnson","__v":0,"createdAt":"2022-05-31T14:25:27.443Z","updatedAt":"2022-05-31T14:25:27.555Z"}
info: PUT /person/629625575c93a2d933015841/Johnson 200 179 - 61.394 ms

info: Connected to database
debug: Returned 2 people
info: GET /person 200 360 - 61.796 ms

debug: Updated person {"_id":"6296255fe2928d96a48c73f3","first_name":"John","last_name":"Test","vaccine":"Johnson","__v":0,"createdAt":"2022-05-31T14:25:35.911Z","updatedAt":"2022-05-31T14:25:36.016Z"}
info: PUT /person/6296255fe2928d96a48c73f3/Johnson 200 179 - 46.010 ms

info: Connected to database
debug: Returned 2 people
info: GET /person 200 360 - 79.323 ms

debug: Updated person {"_id":"6296263610033861d76740ac","first_name":"John","last_name":"Test","vaccine":"Johnson","__v":0,"createdAt":"2022-05-31T14:29:10.944Z","updatedAt":"2022-05-31T14:29:11.066Z"}
info: PUT /person/6296263610033861d76740ac/Johnson 200 179 - 58.423 ms

info: Connected to database
debug: Returned 2 people
info: GET /person 200 360 - 90.883 ms

debug: Updated person {"_id":"629628ffce858ae0faddac3a","first_name":"John","last_name":"Test","vaccine":"Johnson","__v":0,"createdAt":"2022-05-31T14:41:03.844Z","updatedAt":"2022-05-31T14:41:03.964Z"}
info: PUT /person/629628ffce858ae0faddac3a/Johnson 200 179 - 50.229 ms

info: Connected to database
debug: Returned 2 people
info: GET /person 200 360 - 39.892 ms

debug: Updated person {"_id":"62962907b0f01e30f337eb1a","first_name":"John","last_name":"Test","vaccine":"Johnson","__v":0,"createdAt":"2022-05-31T14:41:11.178Z","updatedAt":"2022-05-31T14:41:11.288Z"}
info: PUT /person/62962907b0f01e30f337eb1a/Johnson 200 179 - 47.634 ms

